2023-03-26 09:40:26.467 INFO  c.d.hwapp.HwAppApplication - Starting HwAppApplication using Java 17.0.2 with PID 27244 (C:\Users\SyedAtyabHussain\Documents\work_area\web_apps\hw-app\hw-app\target\classes started by SyedAtyabHussain in C:\Users\SyedAtyabHussain\Documents\work_area\web_apps\hw-app\hw-app)
2023-03-26 09:40:26.476 INFO  c.d.hwapp.HwAppApplication - No active profile set, falling back to 1 default profile: "default"
2023-03-26 09:40:27.758 INFO  o.s.d.r.c.RepositoryConfigurationDelegate - Bootstrapping Spring Data JPA repositories in DEFAULT mode.
2023-03-26 09:40:27.934 INFO  o.s.d.r.c.RepositoryConfigurationDelegate - Finished Spring Data repository scanning in 162 ms. Found 1 JPA repository interfaces.
2023-03-26 09:40:28.656 INFO  o.s.b.w.e.tomcat.TomcatWebServer - Tomcat initialized with port(s): 8080 (http)
2023-03-26 09:40:28.672 INFO  o.a.coyote.http11.Http11NioProtocol - Initializing ProtocolHandler ["http-nio-8080"]
2023-03-26 09:40:28.673 INFO  o.a.catalina.core.StandardService - Starting service [Tomcat]
2023-03-26 09:40:28.673 INFO  o.a.catalina.core.StandardEngine - Starting Servlet engine: [Apache Tomcat/10.1.5]
2023-03-26 09:40:28.818 INFO  o.a.c.c.C.[Tomcat].[localhost].[/] - Initializing Spring embedded WebApplicationContext
2023-03-26 09:40:28.819 INFO  o.s.b.w.s.c.ServletWebServerApplicationContext - Root WebApplicationContext: initialization completed in 2286 ms
2023-03-26 09:40:29.049 DEBUG o.s.w.s.r.ResourceUrlEncodingFilter - Filter 'resourceUrlEncodingFilter' configured for use
2023-03-26 09:40:29.051 DEBUG o.s.w.f.ServerHttpObservationFilter - Filter 'serverHttpObservationFilter' configured for use
2023-03-26 09:40:29.051 DEBUG o.s.web.filter.ForwardedHeaderFilter - Filter 'forwardedHeaderFilter' configured for use
2023-03-26 09:40:29.206 INFO  o.h.jpa.internal.util.LogHelper - HHH000204: Processing PersistenceUnitInfo [name: default]
2023-03-26 09:40:29.420 INFO  org.hibernate.Version - HHH000412: Hibernate ORM core version 6.1.7.Final
2023-03-26 09:40:29.648 WARN  org.hibernate.orm.deprecation - HHH90000021: Encountered deprecated setting [javax.persistence.validation.mode], use [jakarta.persistence.validation.mode] instead
2023-03-26 09:40:29.817 INFO  com.zaxxer.hikari.HikariDataSource - HikariPool-1 - Starting...
2023-03-26 09:40:29.974 INFO  com.zaxxer.hikari.pool.HikariPool - HikariPool-1 - Added connection com.mysql.cj.jdbc.ConnectionImpl@17f41739
2023-03-26 09:40:29.976 INFO  com.zaxxer.hikari.HikariDataSource - HikariPool-1 - Start completed.
2023-03-26 09:40:30.025 INFO  SQL dialect - HHH000400: Using dialect: org.hibernate.dialect.MySQLDialect
2023-03-26 09:40:30.781 INFO  o.h.e.t.j.p.i.JtaPlatformInitiator - HHH000490: Using JtaPlatform implementation: [org.hibernate.engine.transaction.jta.platform.internal.NoJtaPlatform]
2023-03-26 09:40:30.791 INFO  o.s.o.j.LocalContainerEntityManagerFactoryBean - Initialized JPA EntityManagerFactory for persistence unit 'default'
2023-03-26 09:40:31.323 WARN  o.s.b.a.o.j.JpaBaseConfiguration$JpaWebConfiguration - spring.jpa.open-in-view is enabled by default. Therefore, database queries may be performed during view rendering. Explicitly configure spring.jpa.open-in-view to disable this warning
2023-03-26 09:40:31.512 INFO  o.s.b.a.w.s.WelcomePageHandlerMapping - Adding welcome page: class path resource [static/index.html]
2023-03-26 09:40:31.588 DEBUG o.s.w.s.m.m.a.RequestMappingHandlerMapping - 20 mappings in 'requestMappingHandlerMapping'
2023-03-26 09:40:32.619 DEBUG o.s.w.s.h.SimpleUrlHandlerMapping - Patterns [/webjars/**, /**, /api/swagger-ui*/*swagger-initializer.js, /api/swagger-ui*/**] in 'resourceHandlerMapping'
2023-03-26 09:40:32.752 INFO  o.s.b.a.e.web.EndpointLinksResolver - Exposing 3 endpoint(s) beneath base path '/api/actuator'
2023-03-26 09:40:32.766 INFO  o.s.s.web.DefaultSecurityFilterChain - Will secure any request with [org.springframework.security.web.session.DisableEncodeUrlFilter@d970881, org.springframework.security.web.context.request.async.WebAsyncManagerIntegrationFilter@153cf928, org.springframework.security.web.context.SecurityContextHolderFilter@65293ca5, org.springframework.security.web.header.HeaderWriterFilter@4769e70c, org.springframework.web.filter.CorsFilter@4884350b, org.springframework.security.web.authentication.logout.LogoutFilter@e7ddf8d, org.springframework.security.web.authentication.www.BasicAuthenticationFilter@28f081ad, org.springframework.security.web.savedrequest.RequestCacheAwareFilter@2786b644, org.springframework.security.web.servletapi.SecurityContextHolderAwareRequestFilter@3b38f032, org.springframework.security.web.authentication.AnonymousAuthenticationFilter@53cba89f, org.springframework.security.web.access.ExceptionTranslationFilter@c5e7696, org.springframework.security.web.access.intercept.FilterSecurityInterceptor@46067a74]
2023-03-26 09:40:32.860 DEBUG o.s.w.s.m.m.a.RequestMappingHandlerAdapter - ControllerAdvice beans: 0 @ModelAttribute, 0 @InitBinder, 1 RequestBodyAdvice, 1 ResponseBodyAdvice
2023-03-26 09:40:32.907 DEBUG o.s.w.s.m.m.a.ExceptionHandlerExceptionResolver - ControllerAdvice beans: 1 @ExceptionHandler, 1 ResponseBodyAdvice
2023-03-26 09:40:33.404 INFO  o.a.coyote.http11.Http11NioProtocol - Starting ProtocolHandler ["http-nio-8080"]
2023-03-26 09:40:33.455 INFO  o.s.b.w.e.tomcat.TomcatWebServer - Tomcat started on port(s): 8080 (http) with context path ''
2023-03-26 09:40:33.485 INFO  c.d.hwapp.HwAppApplication - Started HwAppApplication in 7.394 seconds (process running for 8.174)
2023-03-26 09:40:33.902 DEBUG o.s.w.r.f.client.ExchangeFunctions - [6d13cd6d] HTTP POST https://hooks.slack.com/services/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
2023-03-26 09:40:34.824 DEBUG org.springframework.web.HttpLogging - [6d13cd6d] Encoding [{text=Application started at: 2023-03-26 09:40:33}]
2023-03-26 09:40:35.144 DEBUG o.s.w.r.f.client.ExchangeFunctions - [6d13cd6d] [b37f010f-1] Response 200 OK
2023-03-26 09:40:40.291 INFO  o.a.c.c.C.[Tomcat].[localhost].[/] - Initializing Spring DispatcherServlet 'dispatcherServlet'
2023-03-26 09:40:40.292 INFO  o.s.web.servlet.DispatcherServlet - Initializing Servlet 'dispatcherServlet'
2023-03-26 09:40:40.292 DEBUG o.s.web.servlet.DispatcherServlet - Detected StandardServletMultipartResolver
2023-03-26 09:40:40.292 DEBUG o.s.web.servlet.DispatcherServlet - Detected AcceptHeaderLocaleResolver
2023-03-26 09:40:40.293 DEBUG o.s.web.servlet.DispatcherServlet - Detected FixedThemeResolver
2023-03-26 09:40:40.294 DEBUG o.s.web.servlet.DispatcherServlet - Detected org.springframework.web.servlet.view.DefaultRequestToViewNameTranslator@55da6bf
2023-03-26 09:40:40.295 DEBUG o.s.web.servlet.DispatcherServlet - Detected org.springframework.web.servlet.support.SessionFlashMapManager@2a5d9ede
2023-03-26 09:40:40.295 DEBUG o.s.web.servlet.DispatcherServlet - enableLoggingRequestDetails='false': request parameters and headers will be masked to prevent unsafe logging of potentially sensitive data
2023-03-26 09:40:40.295 INFO  o.s.web.servlet.DispatcherServlet - Completed initialization in 3 ms
2023-03-26 09:40:40.335 DEBUG o.s.w.s.h.SimpleUrlHandlerMapping - Mapped to ResourceHttpRequestHandler [classpath [META-INF/resources/], classpath [resources/], classpath [static/], classpath [public/], ServletContext [/]]
2023-03-26 09:40:40.518 DEBUG o.s.web.servlet.DispatcherServlet - GET "/api/health", parameters={}
2023-03-26 09:40:40.520 DEBUG o.s.w.s.h.SimpleUrlHandlerMapping - Mapped to ResourceHttpRequestHandler [classpath [META-INF/resources/], classpath [resources/], classpath [static/], classpath [public/], ServletContext [/]]
2023-03-26 09:40:40.524 DEBUG o.s.w.s.r.ResourceHttpRequestHandler - Resource not found
2023-03-26 09:40:40.524 DEBUG o.s.web.servlet.DispatcherServlet - Completed 404 NOT_FOUND
2023-03-26 09:40:40.529 DEBUG o.s.web.servlet.DispatcherServlet - "ERROR" dispatch for GET "/error", parameters={}
2023-03-26 09:40:40.531 DEBUG o.s.w.s.m.m.a.RequestMappingHandlerMapping - Mapped to org.springframework.boot.autoconfigure.web.servlet.error.BasicErrorController#errorHtml(HttpServletRequest, HttpServletResponse)
2023-03-26 09:40:40.557 DEBUG o.s.w.s.v.ContentNegotiatingViewResolver - Selected 'text/html' given [text/html, text/html;q=0.8]
2023-03-26 09:40:40.562 DEBUG o.s.web.servlet.DispatcherServlet - Exiting from "ERROR" dispatch, status 404
2023-03-26 09:40:56.221 DEBUG o.s.web.servlet.DispatcherServlet - GET "/api/actuator/health", parameters={}
2023-03-26 09:40:56.236 DEBUG o.s.w.s.m.m.a.HttpEntityMethodProcessor - Using 'application/vnd.spring-boot.actuator.v3+json;q=0.8', given [text/html, application/xhtml+xml, image/avif, image/webp, image/apng, application/xml;q=0.9, */*;q=0.8, application/signed-exchange;v=b3;q=0.7] and supported [application/vnd.spring-boot.actuator.v3+json, application/vnd.spring-boot.actuator.v2+json, application/json]
2023-03-26 09:40:56.267 DEBUG o.s.w.s.m.m.a.HttpEntityMethodProcessor - Writing [org.springframework.boot.actuate.health.SystemHealth@46fadd5a]
2023-03-26 09:40:56.283 DEBUG o.s.web.servlet.DispatcherServlet - Completed 200 OK
2023-03-26 09:41:37.501 INFO  o.s.o.j.LocalContainerEntityManagerFactoryBean - Closing JPA EntityManagerFactory for persistence unit 'default'
2023-03-26 09:41:37.514 INFO  com.zaxxer.hikari.HikariDataSource - HikariPool-1 - Shutdown initiated...
2023-03-26 09:41:37.521 INFO  com.zaxxer.hikari.HikariDataSource - HikariPool-1 - Shutdown completed.
2023-03-26 09:41:40.007 INFO  c.d.hwapp.HwAppApplication - Starting HwAppApplication using Java 17.0.2 with PID 24488 (C:\Users\SyedAtyabHussain\Documents\work_area\web_apps\hw-app\hw-app\target\classes started by SyedAtyabHussain in C:\Users\SyedAtyabHussain\Documents\work_area\web_apps\hw-app\hw-app)
2023-03-26 09:41:40.010 INFO  c.d.hwapp.HwAppApplication - No active profile set, falling back to 1 default profile: "default"
2023-03-26 09:41:41.135 INFO  o.s.d.r.c.RepositoryConfigurationDelegate - Bootstrapping Spring Data JPA repositories in DEFAULT mode.
2023-03-26 09:41:41.279 INFO  o.s.d.r.c.RepositoryConfigurationDelegate - Finished Spring Data repository scanning in 136 ms. Found 1 JPA repository interfaces.
2023-03-26 09:41:41.899 INFO  o.s.b.w.e.tomcat.TomcatWebServer - Tomcat initialized with port(s): 8080 (http)
2023-03-26 09:41:41.908 INFO  o.a.coyote.http11.Http11NioProtocol - Initializing ProtocolHandler ["http-nio-8080"]
2023-03-26 09:41:41.909 INFO  o.a.catalina.core.StandardService - Starting service [Tomcat]
2023-03-26 09:41:41.909 INFO  o.a.catalina.core.StandardEngine - Starting Servlet engine: [Apache Tomcat/10.1.5]
2023-03-26 09:41:42.003 INFO  o.a.c.c.C.[Tomcat].[localhost].[/] - Initializing Spring embedded WebApplicationContext
2023-03-26 09:41:42.004 INFO  o.s.b.w.s.c.ServletWebServerApplicationContext - Root WebApplicationContext: initialization completed in 1948 ms
2023-03-26 09:41:42.205 DEBUG o.s.w.s.r.ResourceUrlEncodingFilter - Filter 'resourceUrlEncodingFilter' configured for use
2023-03-26 09:41:42.207 DEBUG o.s.w.f.ServerHttpObservationFilter - Filter 'serverHttpObservationFilter' configured for use
2023-03-26 09:41:42.208 DEBUG o.s.web.filter.ForwardedHeaderFilter - Filter 'forwardedHeaderFilter' configured for use
2023-03-26 09:41:42.325 INFO  o.h.jpa.internal.util.LogHelper - HHH000204: Processing PersistenceUnitInfo [name: default]
2023-03-26 09:41:42.377 INFO  org.hibernate.Version - HHH000412: Hibernate ORM core version 6.1.7.Final
2023-03-26 09:41:42.509 WARN  org.hibernate.orm.deprecation - HHH90000021: Encountered deprecated setting [javax.persistence.validation.mode], use [jakarta.persistence.validation.mode] instead
2023-03-26 09:41:42.644 INFO  com.zaxxer.hikari.HikariDataSource - HikariPool-1 - Starting...
2023-03-26 09:41:42.800 INFO  com.zaxxer.hikari.pool.HikariPool - HikariPool-1 - Added connection com.mysql.cj.jdbc.ConnectionImpl@3f908bc0
2023-03-26 09:41:42.802 INFO  com.zaxxer.hikari.HikariDataSource - HikariPool-1 - Start completed.
2023-03-26 09:41:42.851 INFO  SQL dialect - HHH000400: Using dialect: org.hibernate.dialect.MySQLDialect
2023-03-26 09:41:43.433 INFO  o.h.e.t.j.p.i.JtaPlatformInitiator - HHH000490: Using JtaPlatform implementation: [org.hibernate.engine.transaction.jta.platform.internal.NoJtaPlatform]
2023-03-26 09:41:43.444 INFO  o.s.o.j.LocalContainerEntityManagerFactoryBean - Initialized JPA EntityManagerFactory for persistence unit 'default'
2023-03-26 09:41:43.807 WARN  o.s.b.a.o.j.JpaBaseConfiguration$JpaWebConfiguration - spring.jpa.open-in-view is enabled by default. Therefore, database queries may be performed during view rendering. Explicitly configure spring.jpa.open-in-view to disable this warning
2023-03-26 09:41:43.942 INFO  o.s.b.a.w.s.WelcomePageHandlerMapping - Adding welcome page: class path resource [static/index.html]
2023-03-26 09:41:44.002 DEBUG o.s.w.s.m.m.a.RequestMappingHandlerMapping - 20 mappings in 'requestMappingHandlerMapping'
2023-03-26 09:41:44.708 DEBUG o.s.w.s.h.SimpleUrlHandlerMapping - Patterns [/webjars/**, /**, /api/swagger-ui*/*swagger-initializer.js, /api/swagger-ui*/**] in 'resourceHandlerMapping'
2023-03-26 09:41:44.804 INFO  o.s.b.a.e.web.EndpointLinksResolver - Exposing 3 endpoint(s) beneath base path '/api/actuator'
2023-03-26 09:41:44.817 INFO  o.s.s.web.DefaultSecurityFilterChain - Will secure any request with [org.springframework.security.web.session.DisableEncodeUrlFilter@259ae1a9, org.springframework.security.web.context.request.async.WebAsyncManagerIntegrationFilter@d082916, org.springframework.security.web.context.SecurityContextHolderFilter@99948fe, org.springframework.security.web.header.HeaderWriterFilter@2ebd6a0d, org.springframework.web.filter.CorsFilter@67201002, org.springframework.security.web.authentication.logout.LogoutFilter@76641439, org.springframework.security.web.authentication.www.BasicAuthenticationFilter@362e6fe, org.springframework.security.web.savedrequest.RequestCacheAwareFilter@5605a59b, org.springframework.security.web.servletapi.SecurityContextHolderAwareRequestFilter@4e8b36af, org.springframework.security.web.authentication.AnonymousAuthenticationFilter@6ddc9001, org.springframework.security.web.access.ExceptionTranslationFilter@22942eff, org.springframework.security.web.access.intercept.FilterSecurityInterceptor@53086bdc]
2023-03-26 09:41:44.879 DEBUG o.s.w.s.m.m.a.RequestMappingHandlerAdapter - ControllerAdvice beans: 0 @ModelAttribute, 0 @InitBinder, 1 RequestBodyAdvice, 1 ResponseBodyAdvice
2023-03-26 09:41:44.911 DEBUG o.s.w.s.m.m.a.ExceptionHandlerExceptionResolver - ControllerAdvice beans: 1 @ExceptionHandler, 1 ResponseBodyAdvice
2023-03-26 09:41:45.190 INFO  o.a.coyote.http11.Http11NioProtocol - Starting ProtocolHandler ["http-nio-8080"]
2023-03-26 09:41:45.214 INFO  o.s.b.w.e.tomcat.TomcatWebServer - Tomcat started on port(s): 8080 (http) with context path ''
2023-03-26 09:41:45.226 INFO  c.d.hwapp.HwAppApplication - Started HwAppApplication in 5.557 seconds (process running for 6.168)
2023-03-26 09:41:45.450 DEBUG o.s.w.r.f.client.ExchangeFunctions - [73625632] HTTP POST https://hooks.slack.com/services/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
2023-03-26 09:41:46.180 DEBUG org.springframework.web.HttpLogging - [73625632] Encoding [{text=Application started at: 2023-03-26 09:41:45}]
2023-03-26 09:41:46.493 DEBUG o.s.w.r.f.client.ExchangeFunctions - [73625632] [828bb5ca-1] Response 200 OK
2023-03-26 09:41:56.100 INFO  o.a.c.c.C.[Tomcat].[localhost].[/] - Initializing Spring DispatcherServlet 'dispatcherServlet'
2023-03-26 09:41:56.101 INFO  o.s.web.servlet.DispatcherServlet - Initializing Servlet 'dispatcherServlet'
2023-03-26 09:41:56.102 DEBUG o.s.web.servlet.DispatcherServlet - Detected StandardServletMultipartResolver
2023-03-26 09:41:56.102 DEBUG o.s.web.servlet.DispatcherServlet - Detected AcceptHeaderLocaleResolver
2023-03-26 09:41:56.102 DEBUG o.s.web.servlet.DispatcherServlet - Detected FixedThemeResolver
2023-03-26 09:41:56.104 DEBUG o.s.web.servlet.DispatcherServlet - Detected org.springframework.web.servlet.view.DefaultRequestToViewNameTranslator@752e50c6
2023-03-26 09:41:56.104 DEBUG o.s.web.servlet.DispatcherServlet - Detected org.springframework.web.servlet.support.SessionFlashMapManager@307ba188
2023-03-26 09:41:56.104 DEBUG o.s.web.servlet.DispatcherServlet - enableLoggingRequestDetails='false': request parameters and headers will be masked to prevent unsafe logging of potentially sensitive data
2023-03-26 09:41:56.105 INFO  o.s.web.servlet.DispatcherServlet - Completed initialization in 3 ms
2023-03-26 09:41:56.338 DEBUG o.s.web.servlet.DispatcherServlet - GET "/api/actuator/health", parameters={}
2023-03-26 09:41:56.381 DEBUG o.s.w.s.m.m.a.HttpEntityMethodProcessor - Using 'application/vnd.spring-boot.actuator.v3+json;q=0.8', given [text/html, application/xhtml+xml, image/avif, image/webp, image/apng, application/xml;q=0.9, */*;q=0.8, application/signed-exchange;v=b3;q=0.7] and supported [application/vnd.spring-boot.actuator.v3+json, application/vnd.spring-boot.actuator.v2+json, application/json]
2023-03-26 09:41:56.418 DEBUG o.s.w.s.m.m.a.HttpEntityMethodProcessor - Writing [org.springframework.boot.actuate.health.SystemHealth@95258b9]
2023-03-26 09:41:56.430 DEBUG o.s.web.servlet.DispatcherServlet - Completed 200 OK
2023-03-26 09:42:28.829 INFO  o.s.o.j.LocalContainerEntityManagerFactoryBean - Closing JPA EntityManagerFactory for persistence unit 'default'
2023-03-26 09:42:28.831 INFO  com.zaxxer.hikari.HikariDataSource - HikariPool-1 - Shutdown initiated...
2023-03-26 09:42:28.837 INFO  com.zaxxer.hikari.HikariDataSource - HikariPool-1 - Shutdown completed.
