2023-03-21 12:22:33.520 INFO  c.d.hwapp.HwAppApplication - Starting HwAppApplication using Java 17.0.2 with PID 19896 (C:\Users\SyedAtyabHussain\Documents\work_area\web_apps\hw-app\hw-app\target\classes started by SyedAtyabHussain in C:\Users\SyedAtyabHussain\Documents\work_area\web_apps\hw-app\hw-app)
2023-03-21 12:22:33.527 INFO  c.d.hwapp.HwAppApplication - No active profile set, falling back to 1 default profile: "default"
2023-03-21 12:22:34.389 INFO  o.s.d.r.c.RepositoryConfigurationDelegate - Bootstrapping Spring Data JPA repositories in DEFAULT mode.
2023-03-21 12:22:34.543 INFO  o.s.d.r.c.RepositoryConfigurationDelegate - Finished Spring Data repository scanning in 143 ms. Found 1 JPA repository interfaces.
2023-03-21 12:22:35.244 INFO  o.s.b.w.e.tomcat.TomcatWebServer - Tomcat initialized with port(s): 8080 (http)
2023-03-21 12:22:35.253 INFO  o.a.coyote.http11.Http11NioProtocol - Initializing ProtocolHandler ["http-nio-8080"]
2023-03-21 12:22:35.254 INFO  o.a.catalina.core.StandardService - Starting service [Tomcat]
2023-03-21 12:22:35.254 INFO  o.a.catalina.core.StandardEngine - Starting Servlet engine: [Apache Tomcat/10.1.5]
2023-03-21 12:22:35.345 INFO  o.a.c.c.C.[Tomcat].[localhost].[/] - Initializing Spring embedded WebApplicationContext
2023-03-21 12:22:35.346 INFO  o.s.b.w.s.c.ServletWebServerApplicationContext - Root WebApplicationContext: initialization completed in 1771 ms
2023-03-21 12:22:35.409 DEBUG o.s.w.s.r.ResourceUrlEncodingFilter - Filter 'resourceUrlEncodingFilter' configured for use
2023-03-21 12:22:35.410 DEBUG o.s.web.filter.ForwardedHeaderFilter - Filter 'forwardedHeaderFilter' configured for use
2023-03-21 12:22:35.555 INFO  o.h.jpa.internal.util.LogHelper - HHH000204: Processing PersistenceUnitInfo [name: default]
2023-03-21 12:22:35.623 INFO  org.hibernate.Version - HHH000412: Hibernate ORM core version 6.1.7.Final
2023-03-21 12:22:35.782 WARN  org.hibernate.orm.deprecation - HHH90000021: Encountered deprecated setting [javax.persistence.validation.mode], use [jakarta.persistence.validation.mode] instead
2023-03-21 12:22:35.935 INFO  com.zaxxer.hikari.HikariDataSource - HikariPool-1 - Starting...
2023-03-21 12:22:36.093 INFO  com.zaxxer.hikari.pool.HikariPool - HikariPool-1 - Added connection com.mysql.cj.jdbc.ConnectionImpl@68a5aadd
2023-03-21 12:22:36.095 INFO  com.zaxxer.hikari.HikariDataSource - HikariPool-1 - Start completed.
2023-03-21 12:22:36.139 INFO  SQL dialect - HHH000400: Using dialect: org.hibernate.dialect.MySQLDialect
2023-03-21 12:22:36.765 INFO  o.h.e.t.j.p.i.JtaPlatformInitiator - HHH000490: Using JtaPlatform implementation: [org.hibernate.engine.transaction.jta.platform.internal.NoJtaPlatform]
2023-03-21 12:22:36.773 INFO  o.s.o.j.LocalContainerEntityManagerFactoryBean - Initialized JPA EntityManagerFactory for persistence unit 'default'
2023-03-21 12:22:37.132 WARN  o.s.b.a.o.j.JpaBaseConfiguration$JpaWebConfiguration - spring.jpa.open-in-view is enabled by default. Therefore, database queries may be performed during view rendering. Explicitly configure spring.jpa.open-in-view to disable this warning
2023-03-21 12:22:37.284 INFO  o.s.s.web.DefaultSecurityFilterChain - Will secure any request with [org.springframework.security.web.session.DisableEncodeUrlFilter@5ace6611, org.springframework.security.web.context.request.async.WebAsyncManagerIntegrationFilter@7a689979, org.springframework.security.web.context.SecurityContextHolderFilter@24e79a4d, org.springframework.security.web.header.HeaderWriterFilter@40ebb56, org.springframework.security.web.authentication.logout.LogoutFilter@64de9fa4, org.springframework.security.web.authentication.www.BasicAuthenticationFilter@23d07ad3, org.springframework.security.web.savedrequest.RequestCacheAwareFilter@705eb026, org.springframework.security.web.servletapi.SecurityContextHolderAwareRequestFilter@52a0bc48, org.springframework.security.web.authentication.AnonymousAuthenticationFilter@164db8f0, org.springframework.security.web.access.ExceptionTranslationFilter@63c163e1, org.springframework.security.web.access.intercept.AuthorizationFilter@ff12b53]
2023-03-21 12:22:37.412 DEBUG o.s.w.s.m.m.a.RequestMappingHandlerAdapter - ControllerAdvice beans: 0 @ModelAttribute, 0 @InitBinder, 1 RequestBodyAdvice, 1 ResponseBodyAdvice
2023-03-21 12:22:37.446 INFO  o.s.b.a.w.s.WelcomePageHandlerMapping - Adding welcome page: class path resource [static/index.html]
2023-03-21 12:22:37.506 DEBUG o.s.w.s.m.m.a.RequestMappingHandlerMapping - 20 mappings in 'requestMappingHandlerMapping'
2023-03-21 12:22:38.160 DEBUG o.s.w.s.h.SimpleUrlHandlerMapping - Patterns [/webjars/**, /**, /api/swagger-ui*/*swagger-initializer.js, /api/swagger-ui*/**] in 'resourceHandlerMapping'
2023-03-21 12:22:38.180 DEBUG o.s.w.s.m.m.a.ExceptionHandlerExceptionResolver - ControllerAdvice beans: 1 @ExceptionHandler, 1 ResponseBodyAdvice
2023-03-21 12:22:38.400 INFO  o.a.coyote.http11.Http11NioProtocol - Starting ProtocolHandler ["http-nio-8080"]
2023-03-21 12:22:38.423 INFO  o.s.b.w.e.tomcat.TomcatWebServer - Tomcat started on port(s): 8080 (http) with context path ''
2023-03-21 12:22:38.433 INFO  c.d.hwapp.HwAppApplication - Started HwAppApplication in 5.301 seconds (process running for 6.008)
2023-03-21 12:22:38.633 DEBUG o.s.w.r.f.client.ExchangeFunctions - [7cddc50f] HTTP POST https://hooks.slack.com/services/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
2023-03-21 12:22:39.352 DEBUG org.springframework.web.HttpLogging - [7cddc50f] Encoding [{text=Application started at: 2023-03-21 12:22:38}]
2023-03-21 12:22:39.662 DEBUG o.s.w.r.f.client.ExchangeFunctions - [7cddc50f] [3a0f6541-1] Response 200 OK
2023-03-21 12:28:43.311 INFO  o.s.o.j.LocalContainerEntityManagerFactoryBean - Closing JPA EntityManagerFactory for persistence unit 'default'
2023-03-21 12:28:43.314 INFO  com.zaxxer.hikari.HikariDataSource - HikariPool-1 - Shutdown initiated...
2023-03-21 12:28:43.320 INFO  com.zaxxer.hikari.HikariDataSource - HikariPool-1 - Shutdown completed.
2023-03-21 13:48:37.695 INFO  c.d.hwapp.HwAppApplication - Starting HwAppApplication using Java 17.0.2 with PID 1156 (C:\Users\SyedAtyabHussain\Documents\work_area\web_apps\hw-app\hw-app\target\classes started by SyedAtyabHussain in C:\Users\SyedAtyabHussain\Documents\work_area\web_apps\hw-app\hw-app)
2023-03-21 13:48:37.700 INFO  c.d.hwapp.HwAppApplication - No active profile set, falling back to 1 default profile: "default"
2023-03-21 13:48:39.205 INFO  o.s.d.r.c.RepositoryConfigurationDelegate - Bootstrapping Spring Data JPA repositories in DEFAULT mode.
2023-03-21 13:48:39.382 INFO  o.s.d.r.c.RepositoryConfigurationDelegate - Finished Spring Data repository scanning in 169 ms. Found 1 JPA repository interfaces.
2023-03-21 13:48:40.296 INFO  o.s.b.w.e.tomcat.TomcatWebServer - Tomcat initialized with port(s): 8080 (http)
2023-03-21 13:48:40.305 INFO  o.a.coyote.http11.Http11NioProtocol - Initializing ProtocolHandler ["http-nio-8080"]
2023-03-21 13:48:40.307 INFO  o.a.catalina.core.StandardService - Starting service [Tomcat]
2023-03-21 13:48:40.308 INFO  o.a.catalina.core.StandardEngine - Starting Servlet engine: [Apache Tomcat/10.1.5]
2023-03-21 13:48:40.415 INFO  o.a.c.c.C.[Tomcat].[localhost].[/] - Initializing Spring embedded WebApplicationContext
2023-03-21 13:48:40.417 INFO  o.s.b.w.s.c.ServletWebServerApplicationContext - Root WebApplicationContext: initialization completed in 2649 ms
2023-03-21 13:48:40.494 DEBUG o.s.w.s.r.ResourceUrlEncodingFilter - Filter 'resourceUrlEncodingFilter' configured for use
2023-03-21 13:48:40.494 DEBUG o.s.web.filter.ForwardedHeaderFilter - Filter 'forwardedHeaderFilter' configured for use
2023-03-21 13:48:40.693 INFO  o.h.jpa.internal.util.LogHelper - HHH000204: Processing PersistenceUnitInfo [name: default]
2023-03-21 13:48:40.786 INFO  org.hibernate.Version - HHH000412: Hibernate ORM core version 6.1.7.Final
2023-03-21 13:48:40.957 WARN  org.hibernate.orm.deprecation - HHH90000021: Encountered deprecated setting [javax.persistence.validation.mode], use [jakarta.persistence.validation.mode] instead
2023-03-21 13:48:41.145 INFO  com.zaxxer.hikari.HikariDataSource - HikariPool-1 - Starting...
2023-03-21 13:48:41.310 INFO  com.zaxxer.hikari.pool.HikariPool - HikariPool-1 - Added connection com.mysql.cj.jdbc.ConnectionImpl@31b6b0c7
2023-03-21 13:48:41.312 INFO  com.zaxxer.hikari.HikariDataSource - HikariPool-1 - Start completed.
2023-03-21 13:48:41.365 INFO  SQL dialect - HHH000400: Using dialect: org.hibernate.dialect.MySQLDialect
2023-03-21 13:48:42.063 INFO  o.h.e.t.j.p.i.JtaPlatformInitiator - HHH000490: Using JtaPlatform implementation: [org.hibernate.engine.transaction.jta.platform.internal.NoJtaPlatform]
2023-03-21 13:48:42.075 INFO  o.s.o.j.LocalContainerEntityManagerFactoryBean - Initialized JPA EntityManagerFactory for persistence unit 'default'
2023-03-21 13:48:42.484 WARN  o.s.b.a.o.j.JpaBaseConfiguration$JpaWebConfiguration - spring.jpa.open-in-view is enabled by default. Therefore, database queries may be performed during view rendering. Explicitly configure spring.jpa.open-in-view to disable this warning
2023-03-21 13:48:42.680 INFO  o.s.s.web.DefaultSecurityFilterChain - Will secure any request with [org.springframework.security.web.session.DisableEncodeUrlFilter@2396408a, org.springframework.security.web.context.request.async.WebAsyncManagerIntegrationFilter@3e4ead73, org.springframework.security.web.context.SecurityContextHolderFilter@466cca41, org.springframework.security.web.header.HeaderWriterFilter@12051d38, org.springframework.security.web.authentication.logout.LogoutFilter@2d5435d4, org.springframework.security.web.authentication.www.BasicAuthenticationFilter@1d6014a7, org.springframework.security.web.savedrequest.RequestCacheAwareFilter@496c6d94, org.springframework.security.web.servletapi.SecurityContextHolderAwareRequestFilter@17b387ef, org.springframework.security.web.authentication.AnonymousAuthenticationFilter@64de9fa4, org.springframework.security.web.access.ExceptionTranslationFilter@6265a548, org.springframework.security.web.access.intercept.AuthorizationFilter@7f839ec5]
2023-03-21 13:48:42.911 DEBUG o.s.w.s.m.m.a.RequestMappingHandlerAdapter - ControllerAdvice beans: 0 @ModelAttribute, 0 @InitBinder, 1 RequestBodyAdvice, 1 ResponseBodyAdvice
2023-03-21 13:48:42.974 INFO  o.s.b.a.w.s.WelcomePageHandlerMapping - Adding welcome page: class path resource [static/index.html]
2023-03-21 13:48:43.056 DEBUG o.s.w.s.m.m.a.RequestMappingHandlerMapping - 20 mappings in 'requestMappingHandlerMapping'
2023-03-21 13:48:43.971 DEBUG o.s.w.s.h.SimpleUrlHandlerMapping - Patterns [/webjars/**, /**, /api/swagger-ui*/*swagger-initializer.js, /api/swagger-ui*/**] in 'resourceHandlerMapping'
2023-03-21 13:48:43.984 DEBUG o.s.w.s.m.m.a.ExceptionHandlerExceptionResolver - ControllerAdvice beans: 1 @ExceptionHandler, 1 ResponseBodyAdvice
2023-03-21 13:48:44.338 INFO  o.a.coyote.http11.Http11NioProtocol - Starting ProtocolHandler ["http-nio-8080"]
2023-03-21 13:48:44.374 INFO  o.s.b.w.e.tomcat.TomcatWebServer - Tomcat started on port(s): 8080 (http) with context path ''
2023-03-21 13:48:44.387 INFO  c.d.hwapp.HwAppApplication - Started HwAppApplication in 7.104 seconds (process running for 7.976)
2023-03-21 13:48:44.732 DEBUG o.s.w.r.f.client.ExchangeFunctions - [67e37d25] HTTP POST https://hooks.slack.com/services/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
2023-03-21 13:48:45.619 DEBUG org.springframework.web.HttpLogging - [67e37d25] Encoding [{text=Application started at: 2023-03-21 13:48:44}]
2023-03-21 13:48:45.971 DEBUG o.s.w.r.f.client.ExchangeFunctions - [67e37d25] [c09df62e-1] Response 200 OK
2023-03-21 15:01:05.804 WARN  com.zaxxer.hikari.pool.HikariPool - HikariPool-1 - Thread starvation or clock leap detected (housekeeper delta=49m53s990ms81µs599ns).
