2023-03-28 07:26:22.712 INFO  c.d.hwapp.HwAppApplication - Starting HwAppApplication using Java 17.0.2 with PID 3960 (C:\Users\SyedAtyabHussain\Documents\work_area\web_apps\hw-app\hw-app\target\classes started by SyedAtyabHussain in C:\Users\SyedAtyabHussain\Documents\work_area\web_apps\hw-app\hw-app)
2023-03-28 07:26:22.723 INFO  c.d.hwapp.HwAppApplication - No active profile set, falling back to 1 default profile: "default"
2023-03-28 07:26:24.009 INFO  o.s.d.r.c.RepositoryConfigurationDelegate - Bootstrapping Spring Data JPA repositories in DEFAULT mode.
2023-03-28 07:26:24.201 INFO  o.s.d.r.c.RepositoryConfigurationDelegate - Finished Spring Data repository scanning in 178 ms. Found 1 JPA repository interfaces.
2023-03-28 07:26:24.968 INFO  o.s.b.w.e.tomcat.TomcatWebServer - Tomcat initialized with port(s): 8080 (http)
2023-03-28 07:26:24.980 INFO  o.a.coyote.http11.Http11NioProtocol - Initializing ProtocolHandler ["http-nio-8080"]
2023-03-28 07:26:24.981 INFO  o.a.catalina.core.StandardService - Starting service [Tomcat]
2023-03-28 07:26:24.981 INFO  o.a.catalina.core.StandardEngine - Starting Servlet engine: [Apache Tomcat/10.1.5]
2023-03-28 07:26:25.092 INFO  o.a.c.c.C.[Tomcat].[localhost].[/] - Initializing Spring embedded WebApplicationContext
2023-03-28 07:26:25.093 INFO  o.s.b.w.s.c.ServletWebServerApplicationContext - Root WebApplicationContext: initialization completed in 2313 ms
2023-03-28 07:26:25.266 DEBUG o.s.w.s.r.ResourceUrlEncodingFilter - Filter 'resourceUrlEncodingFilter' configured for use
2023-03-28 07:26:25.268 DEBUG o.s.w.f.ServerHttpObservationFilter - Filter 'serverHttpObservationFilter' configured for use
2023-03-28 07:26:25.269 DEBUG o.s.web.filter.ForwardedHeaderFilter - Filter 'forwardedHeaderFilter' configured for use
2023-03-28 07:26:25.409 INFO  o.h.jpa.internal.util.LogHelper - HHH000204: Processing PersistenceUnitInfo [name: default]
2023-03-28 07:26:25.490 INFO  org.hibernate.Version - HHH000412: Hibernate ORM core version 6.1.7.Final
2023-03-28 07:26:25.677 WARN  org.hibernate.orm.deprecation - HHH90000021: Encountered deprecated setting [javax.persistence.validation.mode], use [jakarta.persistence.validation.mode] instead
2023-03-28 07:26:25.861 INFO  com.zaxxer.hikari.HikariDataSource - HikariPool-1 - Starting...
2023-03-28 07:26:28.561 INFO  com.zaxxer.hikari.pool.HikariPool - HikariPool-1 - Added connection com.mysql.cj.jdbc.ConnectionImpl@31f1b268
2023-03-28 07:26:28.563 INFO  com.zaxxer.hikari.HikariDataSource - HikariPool-1 - Start completed.
2023-03-28 07:26:28.852 INFO  SQL dialect - HHH000400: Using dialect: org.hibernate.dialect.MySQLDialect
2023-03-28 07:26:30.644 INFO  o.h.e.t.j.p.i.JtaPlatformInitiator - HHH000490: Using JtaPlatform implementation: [org.hibernate.engine.transaction.jta.platform.internal.NoJtaPlatform]
2023-03-28 07:26:30.658 INFO  o.s.o.j.LocalContainerEntityManagerFactoryBean - Initialized JPA EntityManagerFactory for persistence unit 'default'
2023-03-28 07:26:31.060 WARN  o.s.b.a.o.j.JpaBaseConfiguration$JpaWebConfiguration - spring.jpa.open-in-view is enabled by default. Therefore, database queries may be performed during view rendering. Explicitly configure spring.jpa.open-in-view to disable this warning
2023-03-28 07:26:31.243 INFO  o.s.b.a.w.s.WelcomePageHandlerMapping - Adding welcome page: class path resource [static/index.html]
2023-03-28 07:26:31.311 DEBUG o.s.w.s.m.m.a.RequestMappingHandlerMapping - 20 mappings in 'requestMappingHandlerMapping'
2023-03-28 07:26:32.205 DEBUG o.s.w.s.h.SimpleUrlHandlerMapping - Patterns [/webjars/**, /**, /api/swagger-ui*/*swagger-initializer.js, /api/swagger-ui*/**] in 'resourceHandlerMapping'
2023-03-28 07:26:32.345 INFO  o.s.b.a.e.web.EndpointLinksResolver - Exposing 3 endpoint(s) beneath base path '/api/actuator'
2023-03-28 07:26:32.368 INFO  o.s.s.web.DefaultSecurityFilterChain - Will secure any request with [org.springframework.security.web.session.DisableEncodeUrlFilter@1eda853f, org.springframework.security.web.context.request.async.WebAsyncManagerIntegrationFilter@3f0751b0, org.springframework.security.web.context.SecurityContextHolderFilter@32182bf8, org.springframework.security.web.header.HeaderWriterFilter@4e312811, org.springframework.web.filter.CorsFilter@3984e2b3, org.springframework.security.web.authentication.logout.LogoutFilter@65293ca5, org.springframework.security.web.authentication.www.BasicAuthenticationFilter@641255d1, org.springframework.security.web.savedrequest.RequestCacheAwareFilter@6b8cdc4, org.springframework.security.web.servletapi.SecurityContextHolderAwareRequestFilter@79e28671, org.springframework.security.web.authentication.AnonymousAuthenticationFilter@35bb3fea, org.springframework.security.web.access.ExceptionTranslationFilter@4088c5e6, org.springframework.security.web.access.intercept.FilterSecurityInterceptor@309b8144]
2023-03-28 07:26:32.463 DEBUG o.s.w.s.m.m.a.RequestMappingHandlerAdapter - ControllerAdvice beans: 0 @ModelAttribute, 0 @InitBinder, 1 RequestBodyAdvice, 1 ResponseBodyAdvice
2023-03-28 07:26:32.512 DEBUG o.s.w.s.m.m.a.ExceptionHandlerExceptionResolver - ControllerAdvice beans: 1 @ExceptionHandler, 1 ResponseBodyAdvice
2023-03-28 07:26:32.889 INFO  o.a.coyote.http11.Http11NioProtocol - Starting ProtocolHandler ["http-nio-8080"]
2023-03-28 07:26:32.913 INFO  o.s.b.w.e.tomcat.TomcatWebServer - Tomcat started on port(s): 8080 (http) with context path ''
2023-03-28 07:26:32.931 INFO  c.d.hwapp.HwAppApplication - Started HwAppApplication in 10.604 seconds (process running for 11.366)
2023-03-28 07:26:33.248 DEBUG o.s.w.r.f.client.ExchangeFunctions - [2b43eb71] HTTP POST https://hooks.slack.com/services/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
2023-03-28 07:26:34.185 DEBUG org.springframework.web.HttpLogging - [2b43eb71] Encoding [{text=Application started at: 2023-03-28 07:26:32}]
2023-03-28 07:26:34.490 DEBUG o.s.w.r.f.client.ExchangeFunctions - [2b43eb71] [1d6f84dc-1] Response 200 OK
2023-03-28 07:26:55.666 INFO  o.a.c.c.C.[Tomcat].[localhost].[/] - Initializing Spring DispatcherServlet 'dispatcherServlet'
2023-03-28 07:26:55.666 INFO  o.s.web.servlet.DispatcherServlet - Initializing Servlet 'dispatcherServlet'
2023-03-28 07:26:55.666 DEBUG o.s.web.servlet.DispatcherServlet - Detected StandardServletMultipartResolver
2023-03-28 07:26:55.666 DEBUG o.s.web.servlet.DispatcherServlet - Detected AcceptHeaderLocaleResolver
2023-03-28 07:26:55.666 DEBUG o.s.web.servlet.DispatcherServlet - Detected FixedThemeResolver
2023-03-28 07:26:55.666 DEBUG o.s.web.servlet.DispatcherServlet - Detected org.springframework.web.servlet.view.DefaultRequestToViewNameTranslator@60cbba57
2023-03-28 07:26:55.666 DEBUG o.s.web.servlet.DispatcherServlet - Detected org.springframework.web.servlet.support.SessionFlashMapManager@1ee5792a
2023-03-28 07:26:55.666 DEBUG o.s.web.servlet.DispatcherServlet - enableLoggingRequestDetails='false': request parameters and headers will be masked to prevent unsafe logging of potentially sensitive data
2023-03-28 07:26:55.666 INFO  o.s.web.servlet.DispatcherServlet - Completed initialization in 0 ms
2023-03-28 07:26:55.713 DEBUG o.s.w.s.m.m.a.RequestMappingHandlerMapping - Mapped to com.dynamicdoers.hwapp.controller.StudentController#getStudents()
2023-03-28 07:26:55.866 DEBUG o.s.web.servlet.DispatcherServlet - GET "/api/students", parameters={masked}
2023-03-28 07:26:55.866 DEBUG o.s.w.s.m.m.a.RequestMappingHandlerMapping - Mapped to com.dynamicdoers.hwapp.controller.StudentController#getStudents()
2023-03-28 07:26:57.616 DEBUG o.s.w.s.m.m.a.RequestResponseBodyMethodProcessor - Using 'application/json', given [*/*] and supported [application/json, application/*+json]
2023-03-28 07:26:57.616 DEBUG o.s.w.s.m.m.a.RequestResponseBodyMethodProcessor - Writing [[]]
2023-03-28 07:26:57.627 DEBUG o.s.web.servlet.DispatcherServlet - Completed 200 OK
2023-03-28 07:27:10.363 DEBUG o.s.w.s.m.m.a.RequestMappingHandlerMapping - Mapped to com.dynamicdoers.hwapp.controller.StudentController#getStudents()
2023-03-28 07:27:10.430 DEBUG o.s.web.servlet.DispatcherServlet - GET "/api/students", parameters={masked}
2023-03-28 07:27:10.431 DEBUG o.s.w.s.m.m.a.RequestMappingHandlerMapping - Mapped to com.dynamicdoers.hwapp.controller.StudentController#getStudents()
2023-03-28 07:27:12.004 DEBUG o.s.w.s.m.m.a.RequestResponseBodyMethodProcessor - Using 'application/json', given [*/*] and supported [application/json, application/*+json]
2023-03-28 07:27:12.005 DEBUG o.s.w.s.m.m.a.RequestResponseBodyMethodProcessor - Writing [[]]
2023-03-28 07:27:12.007 DEBUG o.s.web.servlet.DispatcherServlet - Completed 200 OK
2023-03-28 07:27:17.598 DEBUG o.s.w.s.m.m.a.RequestMappingHandlerMapping - Mapped to com.dynamicdoers.hwapp.controller.StudentController#getStudents()
2023-03-28 07:27:17.669 DEBUG o.s.web.servlet.DispatcherServlet - GET "/api/students", parameters={masked}
2023-03-28 07:27:17.670 DEBUG o.s.w.s.m.m.a.RequestMappingHandlerMapping - Mapped to com.dynamicdoers.hwapp.controller.StudentController#getStudents()
2023-03-28 07:27:19.246 DEBUG o.s.w.s.m.m.a.RequestResponseBodyMethodProcessor - Using 'application/json', given [*/*] and supported [application/json, application/*+json]
2023-03-28 07:27:19.247 DEBUG o.s.w.s.m.m.a.RequestResponseBodyMethodProcessor - Writing [[]]
2023-03-28 07:27:19.248 DEBUG o.s.web.servlet.DispatcherServlet - Completed 200 OK
2023-03-28 07:27:30.569 DEBUG o.s.w.s.m.m.a.RequestMappingHandlerMapping - Mapped to com.dynamicdoers.hwapp.controller.StudentController#createStudent(Student)
2023-03-28 07:27:30.636 DEBUG o.s.web.servlet.DispatcherServlet - POST "/api/students", parameters={}
2023-03-28 07:27:30.637 DEBUG o.s.w.s.m.m.a.RequestMappingHandlerMapping - Mapped to com.dynamicdoers.hwapp.controller.StudentController#createStudent(Student)
2023-03-28 07:27:30.684 DEBUG o.s.w.s.m.m.a.RequestResponseBodyMethodProcessor - Read "application/json;charset=UTF-8" to [com.dynamicdoers.hwapp.model.Student@3db6d109]
2023-03-28 07:27:31.868 DEBUG o.s.w.s.m.m.a.RequestResponseBodyMethodProcessor - Using 'application/json', given [*/*] and supported [application/json, application/*+json]
2023-03-28 07:27:31.869 DEBUG o.s.w.s.m.m.a.RequestResponseBodyMethodProcessor - Writing [com.dynamicdoers.hwapp.model.Student@3db6d109]
2023-03-28 07:27:31.871 DEBUG o.s.web.servlet.DispatcherServlet - Completed 200 OK
2023-03-28 07:27:43.583 DEBUG o.s.w.s.m.m.a.RequestMappingHandlerMapping - Mapped to com.dynamicdoers.hwapp.controller.StudentController#getStudents()
2023-03-28 07:27:43.656 DEBUG o.s.web.servlet.DispatcherServlet - GET "/api/students", parameters={}
2023-03-28 07:27:43.658 DEBUG o.s.w.s.m.m.a.RequestMappingHandlerMapping - Mapped to com.dynamicdoers.hwapp.controller.StudentController#getStudents()
2023-03-28 07:27:45.288 DEBUG o.s.w.s.m.m.a.RequestResponseBodyMethodProcessor - Using 'application/json', given [*/*] and supported [application/json, application/*+json]
2023-03-28 07:27:45.288 DEBUG o.s.w.s.m.m.a.RequestResponseBodyMethodProcessor - Writing [[com.dynamicdoers.hwapp.model.Student@a5015d3]]
2023-03-28 07:27:45.291 DEBUG o.s.web.servlet.DispatcherServlet - Completed 200 OK
2023-03-28 07:28:45.652 INFO  o.s.o.j.LocalContainerEntityManagerFactoryBean - Closing JPA EntityManagerFactory for persistence unit 'default'
2023-03-28 07:28:45.655 INFO  com.zaxxer.hikari.HikariDataSource - HikariPool-1 - Shutdown initiated...
2023-03-28 07:28:45.661 INFO  com.zaxxer.hikari.HikariDataSource - HikariPool-1 - Shutdown completed.
2023-03-28 07:28:53.890 INFO  c.d.hwapp.HwAppApplication - Starting HwAppApplication using Java 17.0.2 with PID 27844 (C:\Users\SyedAtyabHussain\Documents\work_area\web_apps\hw-app\hw-app\target\classes started by SyedAtyabHussain in C:\Users\SyedAtyabHussain\Documents\work_area\web_apps\hw-app\hw-app)
2023-03-28 07:28:53.893 INFO  c.d.hwapp.HwAppApplication - No active profile set, falling back to 1 default profile: "default"
2023-03-28 07:28:55.004 INFO  o.s.d.r.c.RepositoryConfigurationDelegate - Bootstrapping Spring Data JPA repositories in DEFAULT mode.
2023-03-28 07:28:55.132 INFO  o.s.d.r.c.RepositoryConfigurationDelegate - Finished Spring Data repository scanning in 121 ms. Found 1 JPA repository interfaces.
2023-03-28 07:28:55.906 INFO  o.s.b.w.e.tomcat.TomcatWebServer - Tomcat initialized with port(s): 8080 (http)
2023-03-28 07:28:55.914 INFO  o.a.coyote.http11.Http11NioProtocol - Initializing ProtocolHandler ["http-nio-8080"]
2023-03-28 07:28:55.915 INFO  o.a.catalina.core.StandardService - Starting service [Tomcat]
2023-03-28 07:28:55.916 INFO  o.a.catalina.core.StandardEngine - Starting Servlet engine: [Apache Tomcat/10.1.5]
2023-03-28 07:28:56.005 INFO  o.a.c.c.C.[Tomcat].[localhost].[/] - Initializing Spring embedded WebApplicationContext
2023-03-28 07:28:56.005 INFO  o.s.b.w.s.c.ServletWebServerApplicationContext - Root WebApplicationContext: initialization completed in 2057 ms
2023-03-28 07:28:56.175 DEBUG o.s.w.s.r.ResourceUrlEncodingFilter - Filter 'resourceUrlEncodingFilter' configured for use
2023-03-28 07:28:56.177 DEBUG o.s.w.f.ServerHttpObservationFilter - Filter 'serverHttpObservationFilter' configured for use
2023-03-28 07:28:56.177 DEBUG o.s.web.filter.ForwardedHeaderFilter - Filter 'forwardedHeaderFilter' configured for use
2023-03-28 07:28:56.297 INFO  o.h.jpa.internal.util.LogHelper - HHH000204: Processing PersistenceUnitInfo [name: default]
2023-03-28 07:28:56.360 INFO  org.hibernate.Version - HHH000412: Hibernate ORM core version 6.1.7.Final
2023-03-28 07:28:56.500 WARN  org.hibernate.orm.deprecation - HHH90000021: Encountered deprecated setting [javax.persistence.validation.mode], use [jakarta.persistence.validation.mode] instead
2023-03-28 07:28:56.681 INFO  com.zaxxer.hikari.HikariDataSource - HikariPool-1 - Starting...
2023-03-28 07:28:56.882 INFO  com.zaxxer.hikari.pool.HikariPool - HikariPool-1 - Added connection com.mysql.cj.jdbc.ConnectionImpl@422ba9b7
2023-03-28 07:28:56.884 INFO  com.zaxxer.hikari.HikariDataSource - HikariPool-1 - Start completed.
2023-03-28 07:28:56.931 INFO  SQL dialect - HHH000400: Using dialect: org.hibernate.dialect.MySQLDialect
2023-03-28 07:28:57.504 INFO  o.h.e.t.j.p.i.JtaPlatformInitiator - HHH000490: Using JtaPlatform implementation: [org.hibernate.engine.transaction.jta.platform.internal.NoJtaPlatform]
2023-03-28 07:28:57.512 INFO  o.s.o.j.LocalContainerEntityManagerFactoryBean - Initialized JPA EntityManagerFactory for persistence unit 'default'
2023-03-28 07:28:57.893 WARN  o.s.b.a.o.j.JpaBaseConfiguration$JpaWebConfiguration - spring.jpa.open-in-view is enabled by default. Therefore, database queries may be performed during view rendering. Explicitly configure spring.jpa.open-in-view to disable this warning
2023-03-28 07:28:58.082 INFO  o.s.b.a.w.s.WelcomePageHandlerMapping - Adding welcome page: class path resource [static/index.html]
2023-03-28 07:28:58.161 DEBUG o.s.w.s.m.m.a.RequestMappingHandlerMapping - 20 mappings in 'requestMappingHandlerMapping'
2023-03-28 07:28:59.035 DEBUG o.s.w.s.h.SimpleUrlHandlerMapping - Patterns [/webjars/**, /**, /api/swagger-ui*/*swagger-initializer.js, /api/swagger-ui*/**] in 'resourceHandlerMapping'
2023-03-28 07:28:59.205 INFO  o.s.b.a.e.web.EndpointLinksResolver - Exposing 3 endpoint(s) beneath base path '/api/actuator'
2023-03-28 07:28:59.219 INFO  o.s.s.web.DefaultSecurityFilterChain - Will secure any request with [org.springframework.security.web.session.DisableEncodeUrlFilter@3da701a1, org.springframework.security.web.context.request.async.WebAsyncManagerIntegrationFilter@6f51d1cc, org.springframework.security.web.context.SecurityContextHolderFilter@202b5293, org.springframework.security.web.header.HeaderWriterFilter@d164938, org.springframework.web.filter.CorsFilter@17d25e1d, org.springframework.security.web.authentication.logout.LogoutFilter@57c7ec30, org.springframework.security.web.authentication.www.BasicAuthenticationFilter@6abaa14b, org.springframework.security.web.savedrequest.RequestCacheAwareFilter@501b15b9, org.springframework.security.web.servletapi.SecurityContextHolderAwareRequestFilter@769b1d1c, org.springframework.security.web.authentication.AnonymousAuthenticationFilter@359fd0a2, org.springframework.security.web.access.ExceptionTranslationFilter@5605a59b, org.springframework.security.web.access.intercept.FilterSecurityInterceptor@5cef5fc9]
2023-03-28 07:28:59.285 DEBUG o.s.w.s.m.m.a.RequestMappingHandlerAdapter - ControllerAdvice beans: 0 @ModelAttribute, 0 @InitBinder, 1 RequestBodyAdvice, 1 ResponseBodyAdvice
2023-03-28 07:28:59.319 DEBUG o.s.w.s.m.m.a.ExceptionHandlerExceptionResolver - ControllerAdvice beans: 1 @ExceptionHandler, 1 ResponseBodyAdvice
2023-03-28 07:28:59.612 INFO  o.a.coyote.http11.Http11NioProtocol - Starting ProtocolHandler ["http-nio-8080"]
2023-03-28 07:28:59.635 INFO  o.s.b.w.e.tomcat.TomcatWebServer - Tomcat started on port(s): 8080 (http) with context path ''
2023-03-28 07:28:59.650 INFO  c.d.hwapp.HwAppApplication - Started HwAppApplication in 6.095 seconds (process running for 6.673)
2023-03-28 07:28:59.924 DEBUG o.s.w.r.f.client.ExchangeFunctions - [1b87f7cd] HTTP POST https://hooks.slack.com/services/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
2023-03-28 07:29:00.620 DEBUG org.springframework.web.HttpLogging - [1b87f7cd] Encoding [{text=Application started at: 2023-03-28 07:28:59}]
2023-03-28 07:29:00.913 DEBUG o.s.w.r.f.client.ExchangeFunctions - [1b87f7cd] [99b158da-1] Response 200 OK
2023-03-28 07:29:02.267 INFO  o.a.c.c.C.[Tomcat].[localhost].[/] - Initializing Spring DispatcherServlet 'dispatcherServlet'
2023-03-28 07:29:02.267 INFO  o.s.web.servlet.DispatcherServlet - Initializing Servlet 'dispatcherServlet'
2023-03-28 07:29:02.268 DEBUG o.s.web.servlet.DispatcherServlet - Detected StandardServletMultipartResolver
2023-03-28 07:29:02.268 DEBUG o.s.web.servlet.DispatcherServlet - Detected AcceptHeaderLocaleResolver
2023-03-28 07:29:02.268 DEBUG o.s.web.servlet.DispatcherServlet - Detected FixedThemeResolver
2023-03-28 07:29:02.269 DEBUG o.s.web.servlet.DispatcherServlet - Detected org.springframework.web.servlet.view.DefaultRequestToViewNameTranslator@51806858
2023-03-28 07:29:02.269 DEBUG o.s.web.servlet.DispatcherServlet - Detected org.springframework.web.servlet.support.SessionFlashMapManager@73bd146c
2023-03-28 07:29:02.270 DEBUG o.s.web.servlet.DispatcherServlet - enableLoggingRequestDetails='false': request parameters and headers will be masked to prevent unsafe logging of potentially sensitive data
2023-03-28 07:29:02.270 INFO  o.s.web.servlet.DispatcherServlet - Completed initialization in 2 ms
2023-03-28 07:29:02.296 DEBUG o.s.w.s.m.m.a.RequestMappingHandlerMapping - Mapped to com.dynamicdoers.hwapp.controller.StudentController#getStudents()
2023-03-28 07:29:02.472 DEBUG o.s.web.servlet.DispatcherServlet - GET "/api/students", parameters={}
2023-03-28 07:29:02.475 DEBUG o.s.w.s.m.m.a.RequestMappingHandlerMapping - Mapped to com.dynamicdoers.hwapp.controller.StudentController#getStudents()
2023-03-28 07:29:02.644 DEBUG o.s.w.s.m.m.a.RequestResponseBodyMethodProcessor - Using 'application/json', given [*/*] and supported [application/json, application/*+json]
2023-03-28 07:29:02.645 DEBUG o.s.w.s.m.m.a.RequestResponseBodyMethodProcessor - Writing [[com.dynamicdoers.hwapp.model.Student@1e20ee3e, com.dynamicdoers.hwapp.model.Student@11a74c0e, com.d (truncated)...]
2023-03-28 07:29:02.688 DEBUG o.s.web.servlet.DispatcherServlet - Completed 200 OK
2023-03-28 07:30:04.949 INFO  o.s.o.j.LocalContainerEntityManagerFactoryBean - Closing JPA EntityManagerFactory for persistence unit 'default'
2023-03-28 07:30:04.951 INFO  com.zaxxer.hikari.HikariDataSource - HikariPool-1 - Shutdown initiated...
2023-03-28 07:30:04.957 INFO  com.zaxxer.hikari.HikariDataSource - HikariPool-1 - Shutdown completed.
